mode: set
github.com/slawomirskowron/metrics-governor/cmd/metrics-governor/main.go:21.13,24.18 2 0
github.com/slawomirskowron/metrics-governor/cmd/metrics-governor/main.go:24.18,27.3 2 0
github.com/slawomirskowron/metrics-governor/cmd/metrics-governor/main.go:29.2,29.21 1 0
github.com/slawomirskowron/metrics-governor/cmd/metrics-governor/main.go:29.21,32.3 2 0
github.com/slawomirskowron/metrics-governor/cmd/metrics-governor/main.go:34.2,43.16 4 0
github.com/slawomirskowron/metrics-governor/cmd/metrics-governor/main.go:43.16,45.3 1 0
github.com/slawomirskowron/metrics-governor/cmd/metrics-governor/main.go:46.2,50.27 3 0
github.com/slawomirskowron/metrics-governor/cmd/metrics-governor/main.go:50.27,52.33 2 0
github.com/slawomirskowron/metrics-governor/cmd/metrics-governor/main.go:52.33,54.4 1 0
github.com/slawomirskowron/metrics-governor/cmd/metrics-governor/main.go:58.2,62.28 3 0
github.com/slawomirskowron/metrics-governor/cmd/metrics-governor/main.go:62.28,64.17 2 0
github.com/slawomirskowron/metrics-governor/cmd/metrics-governor/main.go:64.17,66.4 1 0
github.com/slawomirskowron/metrics-governor/cmd/metrics-governor/main.go:67.3,72.5 2 0
github.com/slawomirskowron/metrics-governor/cmd/metrics-governor/main.go:76.2,83.12 4 0
github.com/slawomirskowron/metrics-governor/cmd/metrics-governor/main.go:83.12,84.46 1 0
github.com/slawomirskowron/metrics-governor/cmd/metrics-governor/main.go:84.46,86.4 1 0
github.com/slawomirskowron/metrics-governor/cmd/metrics-governor/main.go:90.2,91.12 2 0
github.com/slawomirskowron/metrics-governor/cmd/metrics-governor/main.go:91.12,92.46 1 0
github.com/slawomirskowron/metrics-governor/cmd/metrics-governor/main.go:92.46,94.4 1 0
github.com/slawomirskowron/metrics-governor/cmd/metrics-governor/main.go:98.2,99.79 2 0
github.com/slawomirskowron/metrics-governor/cmd/metrics-governor/main.go:99.79,103.28 2 0
github.com/slawomirskowron/metrics-governor/cmd/metrics-governor/main.go:103.28,105.4 1 0
github.com/slawomirskowron/metrics-governor/cmd/metrics-governor/main.go:108.2,112.12 2 0
github.com/slawomirskowron/metrics-governor/cmd/metrics-governor/main.go:112.12,114.85 2 0
github.com/slawomirskowron/metrics-governor/cmd/metrics-governor/main.go:114.85,116.4 1 0
github.com/slawomirskowron/metrics-governor/cmd/metrics-governor/main.go:120.2,144.35 12 0
github.com/slawomirskowron/metrics-governor/internal/exporter/exporter.go:27.66,30.18 2 1
github.com/slawomirskowron/metrics-governor/internal/exporter/exporter.go:30.18,32.3 1 1
github.com/slawomirskowron/metrics-governor/internal/exporter/exporter.go:34.2,35.16 2 1
github.com/slawomirskowron/metrics-governor/internal/exporter/exporter.go:35.16,37.3 1 1
github.com/slawomirskowron/metrics-governor/internal/exporter/exporter.go:39.2,45.8 2 1
github.com/slawomirskowron/metrics-governor/internal/exporter/exporter.go:49.105,55.2 4 1
github.com/slawomirskowron/metrics-governor/internal/exporter/exporter.go:58.38,60.2 1 1
github.com/slawomirskowron/metrics-governor/internal/limits/config.go:58.47,60.16 2 1
github.com/slawomirskowron/metrics-governor/internal/limits/config.go:60.16,62.3 1 1
github.com/slawomirskowron/metrics-governor/internal/limits/config.go:64.2,65.51 2 1
github.com/slawomirskowron/metrics-governor/internal/limits/config.go:65.51,67.3 1 1
github.com/slawomirskowron/metrics-governor/internal/limits/config.go:70.2,70.25 1 1
github.com/slawomirskowron/metrics-governor/internal/limits/config.go:70.25,74.3 1 1
github.com/slawomirskowron/metrics-governor/internal/limits/config.go:75.2,75.31 1 1
github.com/slawomirskowron/metrics-governor/internal/limits/config.go:75.31,77.3 1 0
github.com/slawomirskowron/metrics-governor/internal/limits/config.go:80.2,80.27 1 1
github.com/slawomirskowron/metrics-governor/internal/limits/config.go:80.27,83.24 2 1
github.com/slawomirskowron/metrics-governor/internal/limits/config.go:83.24,85.4 1 1
github.com/slawomirskowron/metrics-governor/internal/limits/config.go:87.3,87.34 1 1
github.com/slawomirskowron/metrics-governor/internal/limits/config.go:87.34,89.49 1 1
github.com/slawomirskowron/metrics-governor/internal/limits/config.go:89.49,91.19 2 1
github.com/slawomirskowron/metrics-governor/internal/limits/config.go:91.19,93.6 1 1
github.com/slawomirskowron/metrics-governor/internal/limits/config.go:94.5,94.29 1 1
github.com/slawomirskowron/metrics-governor/internal/limits/config.go:100.2,100.18 1 1
github.com/slawomirskowron/metrics-governor/internal/limits/config.go:104.40,106.22 2 1
github.com/slawomirskowron/metrics-governor/internal/limits/config.go:106.22,107.35 1 1
github.com/slawomirskowron/metrics-governor/internal/limits/config.go:107.35,108.15 1 1
github.com/slawomirskowron/metrics-governor/internal/limits/config.go:108.15,110.5 1 1
github.com/slawomirskowron/metrics-governor/internal/limits/config.go:113.2,113.14 1 1
github.com/slawomirskowron/metrics-governor/internal/limits/config.go:117.54,118.30 1 1
github.com/slawomirskowron/metrics-governor/internal/limits/config.go:118.30,120.3 1 1
github.com/slawomirskowron/metrics-governor/internal/limits/config.go:122.2,122.26 1 1
github.com/slawomirskowron/metrics-governor/internal/limits/config.go:122.26,124.3 1 1
github.com/slawomirskowron/metrics-governor/internal/limits/config.go:126.2,126.41 1 1
github.com/slawomirskowron/metrics-governor/internal/limits/config.go:130.61,131.30 1 1
github.com/slawomirskowron/metrics-governor/internal/limits/config.go:131.30,133.3 1 1
github.com/slawomirskowron/metrics-governor/internal/limits/config.go:135.2,135.43 1 1
github.com/slawomirskowron/metrics-governor/internal/limits/config.go:135.43,137.14 2 1
github.com/slawomirskowron/metrics-governor/internal/limits/config.go:137.14,139.4 1 1
github.com/slawomirskowron/metrics-governor/internal/limits/config.go:140.3,140.41 1 1
github.com/slawomirskowron/metrics-governor/internal/limits/config.go:140.41,142.4 1 1
github.com/slawomirskowron/metrics-governor/internal/limits/config.go:145.2,145.13 1 1
github.com/slawomirskowron/metrics-governor/internal/limits/config.go:149.74,151.2 1 1
github.com/slawomirskowron/metrics-governor/internal/limits/enforcer.go:63.57,77.2 1 1
github.com/slawomirskowron/metrics-governor/internal/limits/enforcer.go:81.103,82.21 1 1
github.com/slawomirskowron/metrics-governor/internal/limits/enforcer.go:82.21,84.3 1 1
github.com/slawomirskowron/metrics-governor/internal/limits/enforcer.go:86.2,88.37 2 1
github.com/slawomirskowron/metrics-governor/internal/limits/enforcer.go:88.37,91.24 3 1
github.com/slawomirskowron/metrics-governor/internal/limits/enforcer.go:91.24,93.4 1 1
github.com/slawomirskowron/metrics-governor/internal/limits/enforcer.go:96.2,96.15 1 1
github.com/slawomirskowron/metrics-governor/internal/limits/enforcer.go:99.134,102.37 2 1
github.com/slawomirskowron/metrics-governor/internal/limits/enforcer.go:102.37,105.32 2 1
github.com/slawomirskowron/metrics-governor/internal/limits/enforcer.go:105.32,107.29 2 1
github.com/slawomirskowron/metrics-governor/internal/limits/enforcer.go:107.29,109.5 1 1
github.com/slawomirskowron/metrics-governor/internal/limits/enforcer.go:112.3,112.31 1 1
github.com/slawomirskowron/metrics-governor/internal/limits/enforcer.go:112.31,118.4 2 1
github.com/slawomirskowron/metrics-governor/internal/limits/enforcer.go:121.2,121.36 1 1
github.com/slawomirskowron/metrics-governor/internal/limits/enforcer.go:121.36,123.3 1 1
github.com/slawomirskowron/metrics-governor/internal/limits/enforcer.go:125.2,128.3 1 1
github.com/slawomirskowron/metrics-governor/internal/limits/enforcer.go:131.106,136.17 3 1
github.com/slawomirskowron/metrics-governor/internal/limits/enforcer.go:136.17,138.3 1 1
github.com/slawomirskowron/metrics-governor/internal/limits/enforcer.go:141.2,144.43 2 1
github.com/slawomirskowron/metrics-governor/internal/limits/enforcer.go:144.43,147.16 3 0
github.com/slawomirskowron/metrics-governor/internal/limits/enforcer.go:147.16,149.4 1 0
github.com/slawomirskowron/metrics-governor/internal/limits/enforcer.go:150.3,150.11 1 0
github.com/slawomirskowron/metrics-governor/internal/limits/enforcer.go:154.2,156.15 2 1
github.com/slawomirskowron/metrics-governor/internal/limits/enforcer.go:156.15,159.3 2 1
github.com/slawomirskowron/metrics-governor/internal/limits/enforcer.go:162.2,162.68 1 1
github.com/slawomirskowron/metrics-governor/internal/limits/enforcer.go:165.88,166.32 1 1
github.com/slawomirskowron/metrics-governor/internal/limits/enforcer.go:166.32,168.39 2 1
github.com/slawomirskowron/metrics-governor/internal/limits/enforcer.go:168.39,170.4 1 1
github.com/slawomirskowron/metrics-governor/internal/limits/enforcer.go:172.2,172.12 1 1
github.com/slawomirskowron/metrics-governor/internal/limits/enforcer.go:175.107,177.27 1 1
github.com/slawomirskowron/metrics-governor/internal/limits/enforcer.go:177.27,183.23 4 1
github.com/slawomirskowron/metrics-governor/internal/limits/enforcer.go:183.23,185.4 1 1
github.com/slawomirskowron/metrics-governor/internal/limits/enforcer.go:187.3,187.38 1 1
github.com/slawomirskowron/metrics-governor/internal/limits/enforcer.go:187.38,188.36 1 1
github.com/slawomirskowron/metrics-governor/internal/limits/enforcer.go:188.36,190.5 1 1
github.com/slawomirskowron/metrics-governor/internal/limits/enforcer.go:192.3,192.34 1 1
github.com/slawomirskowron/metrics-governor/internal/limits/enforcer.go:196.2,196.15 1 1
github.com/slawomirskowron/metrics-governor/internal/limits/enforcer.go:199.67,203.54 3 1
github.com/slawomirskowron/metrics-governor/internal/limits/enforcer.go:203.54,204.46 1 0
github.com/slawomirskowron/metrics-governor/internal/limits/enforcer.go:204.46,205.33 1 0
github.com/slawomirskowron/metrics-governor/internal/limits/enforcer.go:205.33,207.5 1 0
github.com/slawomirskowron/metrics-governor/internal/limits/enforcer.go:210.2,210.14 1 1
github.com/slawomirskowron/metrics-governor/internal/limits/enforcer.go:213.155,221.42 5 1
github.com/slawomirskowron/metrics-governor/internal/limits/enforcer.go:221.42,226.3 1 1
github.com/slawomirskowron/metrics-governor/internal/limits/enforcer.go:227.2,230.29 2 1
github.com/slawomirskowron/metrics-governor/internal/limits/enforcer.go:230.29,237.3 5 0
github.com/slawomirskowron/metrics-governor/internal/limits/enforcer.go:240.2,240.39 1 1
github.com/slawomirskowron/metrics-governor/internal/limits/enforcer.go:240.39,245.3 1 1
github.com/slawomirskowron/metrics-governor/internal/limits/enforcer.go:246.2,251.32 4 1
github.com/slawomirskowron/metrics-governor/internal/limits/enforcer.go:251.32,254.54 3 1
github.com/slawomirskowron/metrics-governor/internal/limits/enforcer.go:254.54,256.4 1 1
github.com/slawomirskowron/metrics-governor/internal/limits/enforcer.go:260.2,266.34 5 1
github.com/slawomirskowron/metrics-governor/internal/limits/enforcer.go:266.34,269.33 2 1
github.com/slawomirskowron/metrics-governor/internal/limits/enforcer.go:269.33,272.55 3 1
github.com/slawomirskowron/metrics-governor/internal/limits/enforcer.go:272.55,275.5 2 1
github.com/slawomirskowron/metrics-governor/internal/limits/enforcer.go:277.3,278.19 2 1
github.com/slawomirskowron/metrics-governor/internal/limits/enforcer.go:282.2,282.18 1 1
github.com/slawomirskowron/metrics-governor/internal/limits/enforcer.go:282.18,284.3 1 1
github.com/slawomirskowron/metrics-governor/internal/limits/enforcer.go:285.2,285.32 1 1
github.com/slawomirskowron/metrics-governor/internal/limits/enforcer.go:288.152,305.21 4 1
github.com/slawomirskowron/metrics-governor/internal/limits/enforcer.go:306.17,309.11 2 1
github.com/slawomirskowron/metrics-governor/internal/limits/enforcer.go:311.18,314.15 2 1
github.com/slawomirskowron/metrics-governor/internal/limits/enforcer.go:314.15,316.4 1 1
github.com/slawomirskowron/metrics-governor/internal/limits/enforcer.go:317.3,317.13 1 1
github.com/slawomirskowron/metrics-governor/internal/limits/enforcer.go:319.22,321.85 1 1
github.com/slawomirskowron/metrics-governor/internal/limits/enforcer.go:323.10,324.11 1 0
github.com/slawomirskowron/metrics-governor/internal/limits/enforcer.go:328.172,333.15 4 1
github.com/slawomirskowron/metrics-governor/internal/limits/enforcer.go:333.15,335.3 1 0
github.com/slawomirskowron/metrics-governor/internal/limits/enforcer.go:338.2,345.31 3 1
github.com/slawomirskowron/metrics-governor/internal/limits/enforcer.go:345.31,351.3 1 1
github.com/slawomirskowron/metrics-governor/internal/limits/enforcer.go:354.2,354.29 1 1
github.com/slawomirskowron/metrics-governor/internal/limits/enforcer.go:354.29,355.44 1 0
github.com/slawomirskowron/metrics-governor/internal/limits/enforcer.go:355.44,357.4 1 0
github.com/slawomirskowron/metrics-governor/internal/limits/enforcer.go:358.8,359.44 1 1
github.com/slawomirskowron/metrics-governor/internal/limits/enforcer.go:359.44,361.4 1 0
github.com/slawomirskowron/metrics-governor/internal/limits/enforcer.go:365.2,366.56 2 1
github.com/slawomirskowron/metrics-governor/internal/limits/enforcer.go:366.56,368.3 1 0
github.com/slawomirskowron/metrics-governor/internal/limits/enforcer.go:368.8,368.39 1 1
github.com/slawomirskowron/metrics-governor/internal/limits/enforcer.go:368.39,370.3 1 1
github.com/slawomirskowron/metrics-governor/internal/limits/enforcer.go:372.2,372.17 1 1
github.com/slawomirskowron/metrics-governor/internal/limits/enforcer.go:372.17,374.3 1 1
github.com/slawomirskowron/metrics-governor/internal/limits/enforcer.go:377.2,381.46 3 0
github.com/slawomirskowron/metrics-governor/internal/limits/enforcer.go:381.46,383.3 1 0
github.com/slawomirskowron/metrics-governor/internal/limits/enforcer.go:385.2,385.35 1 0
github.com/slawomirskowron/metrics-governor/internal/limits/enforcer.go:385.35,386.24 1 0
github.com/slawomirskowron/metrics-governor/internal/limits/enforcer.go:386.24,387.9 1 0
github.com/slawomirskowron/metrics-governor/internal/limits/enforcer.go:391.3,394.30 3 0
github.com/slawomirskowron/metrics-governor/internal/limits/enforcer.go:394.30,396.4 1 0
github.com/slawomirskowron/metrics-governor/internal/limits/enforcer.go:396.9,398.4 1 0
github.com/slawomirskowron/metrics-governor/internal/limits/enforcer.go:400.3,406.5 1 0
github.com/slawomirskowron/metrics-governor/internal/limits/enforcer.go:410.2,411.55 2 0
github.com/slawomirskowron/metrics-governor/internal/limits/enforcer.go:411.55,413.3 1 0
github.com/slawomirskowron/metrics-governor/internal/limits/enforcer.go:416.2,418.22 2 0
github.com/slawomirskowron/metrics-governor/internal/limits/enforcer.go:418.22,420.15 2 0
github.com/slawomirskowron/metrics-governor/internal/limits/enforcer.go:420.15,422.4 1 0
github.com/slawomirskowron/metrics-governor/internal/limits/enforcer.go:423.3,423.13 1 0
github.com/slawomirskowron/metrics-governor/internal/limits/enforcer.go:427.2,428.10 2 0
github.com/slawomirskowron/metrics-governor/internal/limits/enforcer.go:431.61,435.61 3 1
github.com/slawomirskowron/metrics-governor/internal/limits/enforcer.go:435.61,437.3 1 1
github.com/slawomirskowron/metrics-governor/internal/limits/enforcer.go:438.2,438.62 1 1
github.com/slawomirskowron/metrics-governor/internal/limits/enforcer.go:438.62,440.3 1 1
github.com/slawomirskowron/metrics-governor/internal/limits/enforcer.go:442.2,442.16 1 1
github.com/slawomirskowron/metrics-governor/internal/limits/enforcer.go:443.25,444.51 1 1
github.com/slawomirskowron/metrics-governor/internal/limits/enforcer.go:445.21,446.52 1 1
github.com/slawomirskowron/metrics-governor/internal/limits/enforcer.go:450.76,454.60 3 1
github.com/slawomirskowron/metrics-governor/internal/limits/enforcer.go:454.60,456.3 1 1
github.com/slawomirskowron/metrics-governor/internal/limits/enforcer.go:457.2,457.60 1 1
github.com/slawomirskowron/metrics-governor/internal/limits/enforcer.go:460.59,464.59 3 1
github.com/slawomirskowron/metrics-governor/internal/limits/enforcer.go:464.59,466.3 1 1
github.com/slawomirskowron/metrics-governor/internal/limits/enforcer.go:467.2,467.59 1 1
github.com/slawomirskowron/metrics-governor/internal/limits/enforcer.go:470.68,474.56 3 0
github.com/slawomirskowron/metrics-governor/internal/limits/enforcer.go:474.56,476.3 1 0
github.com/slawomirskowron/metrics-governor/internal/limits/enforcer.go:477.2,477.56 1 0
github.com/slawomirskowron/metrics-governor/internal/limits/enforcer.go:481.70,488.61 5 1
github.com/slawomirskowron/metrics-governor/internal/limits/enforcer.go:488.61,490.3 1 1
github.com/slawomirskowron/metrics-governor/internal/limits/enforcer.go:493.2,495.62 3 1
github.com/slawomirskowron/metrics-governor/internal/limits/enforcer.go:495.62,497.3 1 1
github.com/slawomirskowron/metrics-governor/internal/limits/enforcer.go:500.2,502.60 3 1
github.com/slawomirskowron/metrics-governor/internal/limits/enforcer.go:502.60,504.3 1 1
github.com/slawomirskowron/metrics-governor/internal/limits/enforcer.go:507.2,509.59 3 1
github.com/slawomirskowron/metrics-governor/internal/limits/enforcer.go:509.59,511.3 1 1
github.com/slawomirskowron/metrics-governor/internal/limits/enforcer.go:514.2,516.56 3 1
github.com/slawomirskowron/metrics-governor/internal/limits/enforcer.go:516.56,518.3 1 0
github.com/slawomirskowron/metrics-governor/internal/limits/enforcer.go:521.2,526.36 5 1
github.com/slawomirskowron/metrics-governor/internal/limits/enforcer.go:526.36,528.3 1 1
github.com/slawomirskowron/metrics-governor/internal/limits/enforcer.go:530.2,532.36 3 1
github.com/slawomirskowron/metrics-governor/internal/limits/enforcer.go:532.36,534.3 1 1
github.com/slawomirskowron/metrics-governor/internal/limits/enforcer.go:536.2,538.36 3 1
github.com/slawomirskowron/metrics-governor/internal/limits/enforcer.go:538.36,540.3 1 1
github.com/slawomirskowron/metrics-governor/internal/limits/enforcer.go:542.2,544.45 3 1
github.com/slawomirskowron/metrics-governor/internal/limits/enforcer.go:544.45,546.3 1 0
github.com/slawomirskowron/metrics-governor/internal/limits/enforcer.go:551.70,553.27 2 1
github.com/slawomirskowron/metrics-governor/internal/limits/enforcer.go:553.27,554.22 1 1
github.com/slawomirskowron/metrics-governor/internal/limits/enforcer.go:554.22,555.49 1 1
github.com/slawomirskowron/metrics-governor/internal/limits/enforcer.go:555.49,557.5 1 1
github.com/slawomirskowron/metrics-governor/internal/limits/enforcer.go:560.2,560.15 1 1
github.com/slawomirskowron/metrics-governor/internal/limits/enforcer.go:563.74,566.28 2 1
github.com/slawomirskowron/metrics-governor/internal/limits/enforcer.go:567.31,568.41 1 1
github.com/slawomirskowron/metrics-governor/internal/limits/enforcer.go:568.41,570.4 1 1
github.com/slawomirskowron/metrics-governor/internal/limits/enforcer.go:571.29,572.39 1 1
github.com/slawomirskowron/metrics-governor/internal/limits/enforcer.go:572.39,574.4 1 1
github.com/slawomirskowron/metrics-governor/internal/limits/enforcer.go:575.35,576.45 1 1
github.com/slawomirskowron/metrics-governor/internal/limits/enforcer.go:576.45,578.4 1 1
github.com/slawomirskowron/metrics-governor/internal/limits/enforcer.go:579.46,580.56 1 1
github.com/slawomirskowron/metrics-governor/internal/limits/enforcer.go:580.56,582.4 1 1
github.com/slawomirskowron/metrics-governor/internal/limits/enforcer.go:583.33,584.43 1 1
github.com/slawomirskowron/metrics-governor/internal/limits/enforcer.go:584.43,586.4 1 1
github.com/slawomirskowron/metrics-governor/internal/limits/enforcer.go:589.2,589.17 1 1
github.com/slawomirskowron/metrics-governor/internal/limits/enforcer.go:592.47,593.28 1 1
github.com/slawomirskowron/metrics-governor/internal/limits/enforcer.go:594.31,595.33 1 1
github.com/slawomirskowron/metrics-governor/internal/limits/enforcer.go:596.29,597.31 1 1
github.com/slawomirskowron/metrics-governor/internal/limits/enforcer.go:598.35,599.37 1 1
github.com/slawomirskowron/metrics-governor/internal/limits/enforcer.go:600.46,601.48 1 1
github.com/slawomirskowron/metrics-governor/internal/limits/enforcer.go:602.33,603.35 1 1
github.com/slawomirskowron/metrics-governor/internal/limits/enforcer.go:605.2,605.10 1 1
github.com/slawomirskowron/metrics-governor/internal/limits/enforcer.go:608.59,610.22 2 1
github.com/slawomirskowron/metrics-governor/internal/limits/enforcer.go:610.22,612.3 1 1
github.com/slawomirskowron/metrics-governor/internal/limits/enforcer.go:613.2,613.22 1 1
github.com/slawomirskowron/metrics-governor/internal/limits/enforcer.go:613.22,615.3 1 1
github.com/slawomirskowron/metrics-governor/internal/limits/enforcer.go:616.2,616.15 1 1
github.com/slawomirskowron/metrics-governor/internal/limits/enforcer.go:619.53,620.21 1 1
github.com/slawomirskowron/metrics-governor/internal/limits/enforcer.go:620.21,622.3 1 1
github.com/slawomirskowron/metrics-governor/internal/limits/enforcer.go:623.2,624.23 2 1
github.com/slawomirskowron/metrics-governor/internal/limits/enforcer.go:624.23,626.3 1 1
github.com/slawomirskowron/metrics-governor/internal/limits/enforcer.go:627.2,630.25 3 1
github.com/slawomirskowron/metrics-governor/internal/limits/enforcer.go:630.25,632.3 1 1
github.com/slawomirskowron/metrics-governor/internal/limits/enforcer.go:633.2,633.33 1 1
github.com/slawomirskowron/metrics-governor/internal/buffer/buffer.go:42.145,54.2 1 1
github.com/slawomirskowron/metrics-governor/internal/buffer/buffer.go:57.75,59.20 1 1
github.com/slawomirskowron/metrics-governor/internal/buffer/buffer.go:59.20,61.3 1 1
github.com/slawomirskowron/metrics-governor/internal/buffer/buffer.go:64.2,64.21 1 1
github.com/slawomirskowron/metrics-governor/internal/buffer/buffer.go:64.21,66.3 1 1
github.com/slawomirskowron/metrics-governor/internal/buffer/buffer.go:68.2,68.31 1 1
github.com/slawomirskowron/metrics-governor/internal/buffer/buffer.go:68.31,70.3 1 1
github.com/slawomirskowron/metrics-governor/internal/buffer/buffer.go:72.2,78.33 4 1
github.com/slawomirskowron/metrics-governor/internal/buffer/buffer.go:78.33,79.10 1 1
github.com/slawomirskowron/metrics-governor/internal/buffer/buffer.go:80.34,80.34 0 1
github.com/slawomirskowron/metrics-governor/internal/buffer/buffer.go:81.11,81.11 0 0
github.com/slawomirskowron/metrics-governor/internal/buffer/buffer.go:87.52,91.6 3 1
github.com/slawomirskowron/metrics-governor/internal/buffer/buffer.go:91.6,92.10 1 1
github.com/slawomirskowron/metrics-governor/internal/buffer/buffer.go:93.21,96.10 3 1
github.com/slawomirskowron/metrics-governor/internal/buffer/buffer.go:97.19,98.16 1 1
github.com/slawomirskowron/metrics-governor/internal/buffer/buffer.go:99.22,100.16 1 1
github.com/slawomirskowron/metrics-governor/internal/buffer/buffer.go:106.52,108.25 2 1
github.com/slawomirskowron/metrics-governor/internal/buffer/buffer.go:108.25,111.3 2 1
github.com/slawomirskowron/metrics-governor/internal/buffer/buffer.go:114.2,119.51 4 1
github.com/slawomirskowron/metrics-governor/internal/buffer/buffer.go:119.51,121.24 2 1
github.com/slawomirskowron/metrics-governor/internal/buffer/buffer.go:121.24,123.4 1 1
github.com/slawomirskowron/metrics-governor/internal/buffer/buffer.go:125.3,130.53 3 1
github.com/slawomirskowron/metrics-governor/internal/buffer/buffer.go:130.53,133.12 1 1
github.com/slawomirskowron/metrics-governor/internal/buffer/buffer.go:139.32,141.2 1 1
github.com/slawomirskowron/metrics-governor/internal/stats/stats.go:52.52,58.2 1 1
github.com/slawomirskowron/metrics-governor/internal/stats/stats.go:61.75,65.37 3 1
github.com/slawomirskowron/metrics-governor/internal/stats/stats.go:65.37,69.38 2 1
github.com/slawomirskowron/metrics-governor/internal/stats/stats.go:69.38,70.33 1 1
github.com/slawomirskowron/metrics-governor/internal/stats/stats.go:70.33,78.12 5 1
github.com/slawomirskowron/metrics-governor/internal/stats/stats.go:78.12,85.6 3 1
github.com/slawomirskowron/metrics-governor/internal/stats/stats.go:86.5,92.53 3 1
github.com/slawomirskowron/metrics-governor/internal/stats/stats.go:99.62,100.28 1 1
github.com/slawomirskowron/metrics-governor/internal/stats/stats.go:101.31,102.33 1 1
github.com/slawomirskowron/metrics-governor/internal/stats/stats.go:103.29,104.31 1 1
github.com/slawomirskowron/metrics-governor/internal/stats/stats.go:105.35,106.37 1 1
github.com/slawomirskowron/metrics-governor/internal/stats/stats.go:107.46,108.48 1 1
github.com/slawomirskowron/metrics-governor/internal/stats/stats.go:109.33,110.35 1 1
github.com/slawomirskowron/metrics-governor/internal/stats/stats.go:112.2,112.10 1 1
github.com/slawomirskowron/metrics-governor/internal/stats/stats.go:116.124,119.28 2 1
github.com/slawomirskowron/metrics-governor/internal/stats/stats.go:120.31,121.41 1 1
github.com/slawomirskowron/metrics-governor/internal/stats/stats.go:121.41,123.4 1 1
github.com/slawomirskowron/metrics-governor/internal/stats/stats.go:124.29,125.39 1 1
github.com/slawomirskowron/metrics-governor/internal/stats/stats.go:125.39,127.4 1 1
github.com/slawomirskowron/metrics-governor/internal/stats/stats.go:128.35,129.45 1 1
github.com/slawomirskowron/metrics-governor/internal/stats/stats.go:129.45,131.4 1 1
github.com/slawomirskowron/metrics-governor/internal/stats/stats.go:132.46,133.56 1 0
github.com/slawomirskowron/metrics-governor/internal/stats/stats.go:133.56,135.4 1 0
github.com/slawomirskowron/metrics-governor/internal/stats/stats.go:136.33,137.43 1 1
github.com/slawomirskowron/metrics-governor/internal/stats/stats.go:137.43,139.4 1 1
github.com/slawomirskowron/metrics-governor/internal/stats/stats.go:142.2,142.33 1 1
github.com/slawomirskowron/metrics-governor/internal/stats/stats.go:142.33,147.3 3 1
github.com/slawomirskowron/metrics-governor/internal/stats/stats.go:151.111,152.29 1 1
github.com/slawomirskowron/metrics-governor/internal/stats/stats.go:152.29,154.3 1 1
github.com/slawomirskowron/metrics-governor/internal/stats/stats.go:156.2,158.28 2 1
github.com/slawomirskowron/metrics-governor/internal/stats/stats.go:159.31,160.41 1 0
github.com/slawomirskowron/metrics-governor/internal/stats/stats.go:160.41,162.4 1 0
github.com/slawomirskowron/metrics-governor/internal/stats/stats.go:163.29,164.39 1 1
github.com/slawomirskowron/metrics-governor/internal/stats/stats.go:164.39,166.4 1 1
github.com/slawomirskowron/metrics-governor/internal/stats/stats.go:167.35,168.45 1 0
github.com/slawomirskowron/metrics-governor/internal/stats/stats.go:168.45,170.4 1 0
github.com/slawomirskowron/metrics-governor/internal/stats/stats.go:171.46,172.56 1 0
github.com/slawomirskowron/metrics-governor/internal/stats/stats.go:172.56,174.4 1 0
github.com/slawomirskowron/metrics-governor/internal/stats/stats.go:175.33,176.43 1 0
github.com/slawomirskowron/metrics-governor/internal/stats/stats.go:176.43,178.4 1 0
github.com/slawomirskowron/metrics-governor/internal/stats/stats.go:181.2,181.33 1 1
github.com/slawomirskowron/metrics-governor/internal/stats/stats.go:181.33,186.21 3 1
github.com/slawomirskowron/metrics-governor/internal/stats/stats.go:186.21,187.12 1 0
github.com/slawomirskowron/metrics-governor/internal/stats/stats.go:190.3,191.10 2 1
github.com/slawomirskowron/metrics-governor/internal/stats/stats.go:191.10,197.4 2 1
github.com/slawomirskowron/metrics-governor/internal/stats/stats.go:198.3,202.42 3 1
github.com/slawomirskowron/metrics-governor/internal/stats/stats.go:207.102,214.35 5 1
github.com/slawomirskowron/metrics-governor/internal/stats/stats.go:214.35,216.3 1 1
github.com/slawomirskowron/metrics-governor/internal/stats/stats.go:217.2,217.8 1 1
github.com/slawomirskowron/metrics-governor/internal/stats/stats.go:221.87,225.6 3 1
github.com/slawomirskowron/metrics-governor/internal/stats/stats.go:225.6,226.10 1 1
github.com/slawomirskowron/metrics-governor/internal/stats/stats.go:227.21,228.10 1 1
github.com/slawomirskowron/metrics-governor/internal/stats/stats.go:229.19,235.6 2 1
github.com/slawomirskowron/metrics-governor/internal/stats/stats.go:241.67,243.38 2 1
github.com/slawomirskowron/metrics-governor/internal/stats/stats.go:243.38,244.34 1 1
github.com/slawomirskowron/metrics-governor/internal/stats/stats.go:244.34,246.4 1 1
github.com/slawomirskowron/metrics-governor/internal/stats/stats.go:248.2,248.21 1 1
github.com/slawomirskowron/metrics-governor/internal/stats/stats.go:248.21,250.3 1 1
github.com/slawomirskowron/metrics-governor/internal/stats/stats.go:251.2,251.33 1 1
github.com/slawomirskowron/metrics-governor/internal/stats/stats.go:255.50,258.29 3 1
github.com/slawomirskowron/metrics-governor/internal/stats/stats.go:258.29,260.19 2 1
github.com/slawomirskowron/metrics-governor/internal/stats/stats.go:260.19,262.4 1 1
github.com/slawomirskowron/metrics-governor/internal/stats/stats.go:264.2,264.15 1 1
github.com/slawomirskowron/metrics-governor/internal/stats/stats.go:268.71,286.38 12 1
github.com/slawomirskowron/metrics-governor/internal/stats/stats.go:286.38,288.3 1 1
github.com/slawomirskowron/metrics-governor/internal/stats/stats.go:290.2,292.38 3 1
github.com/slawomirskowron/metrics-governor/internal/stats/stats.go:292.38,294.3 1 1
github.com/slawomirskowron/metrics-governor/internal/stats/stats.go:297.2,297.27 1 1
github.com/slawomirskowron/metrics-governor/internal/stats/stats.go:297.27,300.35 3 1
github.com/slawomirskowron/metrics-governor/internal/stats/stats.go:300.35,304.4 3 1
github.com/slawomirskowron/metrics-governor/internal/stats/stats.go:306.3,308.35 3 1
github.com/slawomirskowron/metrics-governor/internal/stats/stats.go:308.35,312.4 3 1
github.com/slawomirskowron/metrics-governor/internal/stats/stats.go:317.52,318.22 1 1
github.com/slawomirskowron/metrics-governor/internal/stats/stats.go:318.22,320.3 1 1
github.com/slawomirskowron/metrics-governor/internal/stats/stats.go:321.2,322.24 2 1
github.com/slawomirskowron/metrics-governor/internal/stats/stats.go:322.24,324.3 1 1
github.com/slawomirskowron/metrics-governor/internal/stats/stats.go:325.2,328.25 3 1
github.com/slawomirskowron/metrics-governor/internal/stats/stats.go:328.25,330.3 1 1
github.com/slawomirskowron/metrics-governor/internal/stats/stats.go:331.2,331.33 1 1
github.com/slawomirskowron/metrics-governor/internal/stats/stats.go:336.70,338.27 2 1
github.com/slawomirskowron/metrics-governor/internal/stats/stats.go:338.27,339.22 1 1
github.com/slawomirskowron/metrics-governor/internal/stats/stats.go:339.22,340.49 1 1
github.com/slawomirskowron/metrics-governor/internal/stats/stats.go:340.49,342.5 1 1
github.com/slawomirskowron/metrics-governor/internal/stats/stats.go:345.2,345.15 1 1
github.com/slawomirskowron/metrics-governor/internal/stats/stats.go:348.59,350.22 2 1
github.com/slawomirskowron/metrics-governor/internal/stats/stats.go:350.22,352.3 1 1
github.com/slawomirskowron/metrics-governor/internal/stats/stats.go:353.2,353.22 1 1
github.com/slawomirskowron/metrics-governor/internal/stats/stats.go:353.22,355.3 1 1
github.com/slawomirskowron/metrics-governor/internal/stats/stats.go:356.2,356.15 1 1
github.com/slawomirskowron/metrics-governor/internal/stats/stats.go:359.53,360.21 1 1
github.com/slawomirskowron/metrics-governor/internal/stats/stats.go:360.21,362.3 1 1
github.com/slawomirskowron/metrics-governor/internal/stats/stats.go:363.2,364.23 2 1
github.com/slawomirskowron/metrics-governor/internal/stats/stats.go:364.23,366.3 1 1
github.com/slawomirskowron/metrics-governor/internal/stats/stats.go:367.2,370.25 3 1
github.com/slawomirskowron/metrics-governor/internal/stats/stats.go:370.25,372.3 1 1
github.com/slawomirskowron/metrics-governor/internal/stats/stats.go:373.2,373.33 1 1
github.com/slawomirskowron/metrics-governor/internal/config/config.go:43.27,79.2 20 1
github.com/slawomirskowron/metrics-governor/internal/config/config.go:82.19,139.2 1 1
github.com/slawomirskowron/metrics-governor/internal/config/config.go:142.21,144.2 1 1
github.com/slawomirskowron/metrics-governor/internal/config/config.go:147.30,162.2 1 1
github.com/slawomirskowron/metrics-governor/internal/logging/logging.go:38.29,42.2 3 1
github.com/slawomirskowron/metrics-governor/internal/logging/logging.go:45.78,59.2 6 1
github.com/slawomirskowron/metrics-governor/internal/logging/logging.go:62.57,64.21 2 1
github.com/slawomirskowron/metrics-governor/internal/logging/logging.go:64.21,66.3 1 1
github.com/slawomirskowron/metrics-governor/internal/logging/logging.go:67.2,67.38 1 1
github.com/slawomirskowron/metrics-governor/internal/logging/logging.go:71.57,73.21 2 1
github.com/slawomirskowron/metrics-governor/internal/logging/logging.go:73.21,75.3 1 1
github.com/slawomirskowron/metrics-governor/internal/logging/logging.go:76.2,76.38 1 1
github.com/slawomirskowron/metrics-governor/internal/logging/logging.go:80.58,82.21 2 1
github.com/slawomirskowron/metrics-governor/internal/logging/logging.go:82.21,84.3 1 1
github.com/slawomirskowron/metrics-governor/internal/logging/logging.go:85.2,85.39 1 1
github.com/slawomirskowron/metrics-governor/internal/logging/logging.go:89.58,91.21 2 0
github.com/slawomirskowron/metrics-governor/internal/logging/logging.go:91.21,93.3 1 0
github.com/slawomirskowron/metrics-governor/internal/logging/logging.go:94.2,95.12 2 0
github.com/slawomirskowron/metrics-governor/internal/logging/logging.go:99.55,101.41 2 1
github.com/slawomirskowron/metrics-governor/internal/logging/logging.go:101.41,102.41 1 1
github.com/slawomirskowron/metrics-governor/internal/logging/logging.go:102.41,104.4 1 1
github.com/slawomirskowron/metrics-governor/internal/logging/logging.go:106.2,106.15 1 1
github.com/slawomirskowron/metrics-governor/internal/receiver/grpc.go:22.68,28.2 1 1
github.com/slawomirskowron/metrics-governor/internal/receiver/grpc.go:31.151,34.2 2 1
github.com/slawomirskowron/metrics-governor/internal/receiver/grpc.go:37.38,39.16 2 1
github.com/slawomirskowron/metrics-governor/internal/receiver/grpc.go:39.16,41.3 1 0
github.com/slawomirskowron/metrics-governor/internal/receiver/grpc.go:43.2,46.28 3 1
github.com/slawomirskowron/metrics-governor/internal/receiver/grpc.go:50.31,52.2 1 1
github.com/slawomirskowron/metrics-governor/internal/receiver/http.go:22.68,37.2 5 1
github.com/slawomirskowron/metrics-governor/internal/receiver/http.go:40.80,41.35 1 1
github.com/slawomirskowron/metrics-governor/internal/receiver/http.go:41.35,44.3 2 1
github.com/slawomirskowron/metrics-governor/internal/receiver/http.go:46.2,47.16 2 1
github.com/slawomirskowron/metrics-governor/internal/receiver/http.go:47.16,50.3 2 0
github.com/slawomirskowron/metrics-governor/internal/receiver/http.go:51.2,56.21 4 1
github.com/slawomirskowron/metrics-governor/internal/receiver/http.go:57.32,58.59 1 1
github.com/slawomirskowron/metrics-governor/internal/receiver/http.go:58.59,61.4 2 1
github.com/slawomirskowron/metrics-governor/internal/receiver/http.go:62.10,65.9 2 1
github.com/slawomirskowron/metrics-governor/internal/receiver/http.go:68.2,73.16 4 1
github.com/slawomirskowron/metrics-governor/internal/receiver/http.go:73.16,76.3 2 0
github.com/slawomirskowron/metrics-governor/internal/receiver/http.go:78.2,80.20 3 1
github.com/slawomirskowron/metrics-governor/internal/receiver/http.go:84.38,87.2 2 1
github.com/slawomirskowron/metrics-governor/internal/receiver/http.go:90.56,92.2 1 1
